                                        USA  EUROPE   JAPAN   CHINA   INDIA   RUSSI
Population (in mio.)                    304.    312.    207.   1314.   1185.    142.
 
National Income
Private consumption                    84.9    56.9    67.8    29.7    50.5    69.9
Government purchases                   18.7    21.3    19.0    33.6    24.3    36.8
     General public expenditures        6.4    10.3    10.5    28.4    20.0    26.8
     Aggregate education outlays        6.4     5.4     3.8     4.0     3.4     5.7
     Aggregate health benefits          5.8     5.6     4.7     1.3     0.8     4.2
Investment                             18.8    13.9    11.8    21.1    21.2    16.2
Trade balance                         -22.2     8.4     1.4    16.4     4.6    -8.0
Current account                       -12.4     7.5     6.4     7.8    -3.7     1.7
 
Government indicators
Social contributions received           9.8    16.0    14.1     4.5     3.4     8.3
     Pension revenues                   6.6     8.2     8.6     2.8     2.3     8.3
     Health revenues                    1.8     6.2     4.8     1.7     1.1     0.0
     Disability revenues                1.4     1.7     0.7     0.0     0.0     0.0
Social benefits                        16.0    20.0    15.7     4.5     3.4    15.0
     Aggregate pension benefits         6.6    10.2     8.6     2.8     2.3    10.8
     Aggregate health benefits          8.0     7.7     6.4     1.7     1.1     4.2
     Aggregate disability benefits      1.4     2.1     0.7     0.0     0.0     0.0
Pension contribution rate              10.3    12.6    13.6     4.3     3.6    12.9
Health-care contribution rate           2.9     9.5     7.6     2.6     1.7     0.0
Disability-insurance contribution rate  2.1     2.6     1.1     0.0     0.0     0.0
Interest payment on public debt         3.4     3.7     7.2     1.0     3.5     0.5
 
Tax revenues                           20.8    23.4    24.2    32.7    24.7    39.7
     Direct taxes                      12.7    11.3    13.2     9.8     7.6    11.6
          Wage taxes                    7.8     6.2     8.0     4.5     3.4     7.3
          Capital taxes                 2.7     2.0     1.9     0.1     0.2     0.4
          Corporate taxes               2.2     3.0     3.3     5.1     4.1     3.9
     Indirect taxes                     7.8    11.5    11.0    22.2    16.4    13.3
          Consumption taxes             7.8    11.5    11.0    22.2    16.4    13.3
          Inheritance taxes             0.0     0.0     0.0     0.0     0.0     0.0
 
Wage tax rates
     Average                           12.2     9.6    12.3     7.0     5.2    11.3
     Marginal                          12.5     9.9    12.5     7.0     5.2    11.5
Capital-output ratio                    2.4     2.4     2.4     2.4     2.4     2.5
Capital-labor ratio                     4.2     4.3     4.3     4.1     4.1     4.5
Interest rate                           4.9     4.9     4.9     4.9     4.9     4.9
Wage rate
     Income class 1                     1.0     1.0     1.0     0.9     0.9     1.0
     Income class 2                     1.5     1.5     1.5     1.7     1.7     1.5
GDP relative                           1.00    0.85    0.44    0.59    0.26    0.27
GDP growth rate                         1.3    -0.9    -1.8     2.1     2.2    -0.2
                                        USA  EUROPE   JAPAN   CHINA   INDIA   RUSSI
Population (in mio.)                    304.    312.    207.   1314.   1185.    142.
 
National Income
Private consumption                    84.9    56.9    67.8    29.7    50.5    69.9
Government purchases                   18.7    21.3    19.0    33.6    24.3    36.8
     General public expenditures        6.4    10.3    10.5    28.4    20.0    26.8
     Aggregate education outlays        6.4     5.4     3.8     4.0     3.4     5.7
     Aggregate health benefits          5.8     5.6     4.7     1.3     0.8     4.2
Investment                             18.8    13.9    11.8    21.1    21.2    16.2
Trade balance                         -22.2     8.4     1.4    16.4     4.6    -8.0
Current account                       -12.4     7.5     6.4     7.8    -3.7     1.7
 
Government indicators
Social contributions received           9.8    16.0    14.1     4.5     3.4     8.3
     Pension revenues                   6.6     8.2     8.6     2.8     2.3     8.3
     Health revenues                    1.8     6.2     4.8     1.7     1.1     0.0
     Disability revenues                1.4     1.7     0.7     0.0     0.0     0.0
Social benefits                        16.0    20.0    15.7     4.5     3.4    15.0
     Aggregate pension benefits         6.6    10.2     8.6     2.8     2.3    10.8
     Aggregate health benefits          8.0     7.7     6.4     1.7     1.1     4.2
     Aggregate disability benefits      1.4     2.1     0.7     0.0     0.0     0.0
Pension contribution rate              10.3    12.6    13.6     4.3     3.6    12.9
Health-care contribution rate           2.9     9.5     7.6     2.6     1.7     0.0
Disability-insurance contribution rate  2.1     2.6     1.1     0.0     0.0     0.0
Interest payment on public debt         3.4     3.7     7.2     1.0     3.5     0.5
 
Tax revenues                           20.8    23.4    24.2    32.7    24.7    39.7
     Direct taxes                      12.7    11.3    13.2     9.8     7.6    11.6
          Wage taxes                    7.8     6.2     8.0     4.5     3.4     7.3
          Capital taxes                 2.7     2.0     1.9     0.1     0.2     0.4
          Corporate taxes               2.2     3.0     3.3     5.1     4.1     3.9
     Indirect taxes                     7.8    11.5    11.0    22.2    16.4    13.3
          Consumption taxes             7.8    11.5    11.0    22.2    16.4    13.3
          Inheritance taxes             0.0     0.0     0.0     0.0     0.0     0.0
 
Wage tax rates
     Average                           12.2     9.6    12.3     7.0     5.2    11.3
     Marginal                          12.5     9.9    12.5     7.0     5.2    11.5
Capital-output ratio                    2.4     2.4     2.4     2.4     2.4     2.5
Capital-labor ratio                     4.2     4.3     4.3     4.1     4.1     4.5
Interest rate                           4.9     4.9     4.9     4.9     4.9     4.9
Wage rate
     Income class 1                     1.0     1.0     1.0     0.9     0.9     1.0
     Income class 2                     1.5     1.5     1.5     1.7     1.7     1.5
GDP relative                           1.00    0.85    0.44    0.59    0.26    0.27
GDP growth rate                         1.3    -0.9    -1.8     2.1     2.2    -0.2
