YEAR   Pens-Base    Pens-Refm    Cons-Base    Cons-Refm    Wage-Base    Wage-Refm    Cap--Base    Cap--Refm    Corp-Base    Corp-Refm    GDP--Base    GDP--Refm    GDP--Diff
2013    8.9245       8.9245      17.7092      17.7092      15.8066      15.8066       8.0000       8.0000      30.0000      30.0000       0.3835       0.3835       0.0000
2014    9.1055       9.1055      17.6550      17.6550      16.0195      16.0196       8.0000       8.0000      30.0000      30.0000       0.3869       0.3869       0.0000
2015    9.2631       9.2631      17.5265      17.5265      16.1710      16.1711       8.0000       8.0000      30.0000      30.0000       0.3901       0.3901       0.0000
2016    9.3954       9.3954      17.4100      17.4101      16.3229      16.3230       8.0000       8.0000      30.0000      30.0000       0.3934       0.3934       0.0001
2017    9.5103       9.5103      17.2974      17.2974      16.4727      16.4728       8.0000       8.0000      30.0000      30.0000       0.3967       0.3967       0.0001
2018    9.6160       9.6160      17.2038      17.2038      16.6389      16.6389       8.0000       8.0000      30.0000      30.0000       0.3999       0.3999       0.0001
2019    9.7178       9.7178      17.0811      17.0812      16.7789      16.7790       8.0000       8.0000      30.0000      30.0000       0.4029       0.4029       0.0001
2020    9.8200       9.8200      16.8587      16.8587      16.8223      16.8224       8.0000       8.0000      30.0000      30.0000       0.4058       0.4058       0.0001
2021    9.9030       9.9030      16.7788      16.7788      16.9445      16.9446       8.0000       8.0000      30.0000      30.0000       0.4099       0.4099       0.0001
2022   10.0192      10.0192      16.6405      16.6405      17.0518      17.0519       8.0000       8.0000      30.0000      30.0000       0.4129       0.4129       0.0001
2023   10.1494      10.1494      16.4823      16.4823      17.1478      17.1479       8.0000       8.0000      30.0000      30.0000       0.4155       0.4155       0.0001
2024   10.2952      10.2951      16.3008      16.3008      17.2204      17.2205       8.0000       8.0000      30.0000      30.0000       0.4181       0.4181       0.0001
2025   10.4441      10.4441      16.1149      16.1149      17.2840      17.2841       8.0000       8.0000      30.0000      30.0000       0.4206       0.4206       0.0002
2026   10.6012      10.6011      15.9272      15.9273      17.3434      17.3435       8.0000       8.0000      30.0000      30.0000       0.4230       0.4230       0.0002
2027   10.7743      10.7742      15.7290      15.7290      17.3928      17.3929       8.0000       8.0000      30.0000      30.0000       0.4252       0.4252       0.0002
2028   10.9699      10.9699      15.5413      15.5413      17.4518      17.4519       8.0000       8.0000      30.0000      30.0000       0.4273       0.4273       0.0002
2029   11.1877      11.1876      15.3479      15.3480      17.5092      17.5093       8.0000       8.0000      30.0000      30.0000       0.4293       0.4293       0.0002
2030   11.4220      11.4220      15.1416      15.1416      17.5591      17.5591       8.0000       8.0000      30.0000      30.0000       0.4310       0.4310       0.0002
2031   11.6666      11.6665      14.9282      14.9282      17.6035      17.6036       8.0000       8.0000      30.0000      30.0000       0.4325       0.4325       0.0002
2032   11.9114      11.9113      14.7087      14.7087      17.6396      17.6397       8.0000       8.0000      30.0000      30.0000       0.4340       0.4340       0.0002
2033   12.1438      12.1438      14.5030      14.5031      17.6809      17.6810       8.0000       8.0000      30.0000      30.0000       0.4357       0.4357       0.0002
2034   12.3533      12.3532      14.3116      14.3116      17.7280      17.7281       8.0000       8.0000      30.0000      30.0000       0.4376       0.4376       0.0002
2035   12.5357      12.5356      14.1280      14.1281      17.7714      17.7714       8.0000       8.0000      30.0000      30.0000       0.4396       0.4396       0.0002
2036   12.6809      12.6809      13.8951      13.8951      17.7320      17.7321       8.0000       8.0000      30.0000      30.0000       0.4421       0.4421       0.0001
2037   12.7923      12.7922      13.6805      13.6806      17.6921      17.6922       8.0000       8.0000      30.0000      30.0000       0.4450       0.4450       0.0001
2038   12.8676      12.8676      13.5134      13.5135      17.6834      17.6835       8.0000       8.0000      30.0000      30.0000       0.4484       0.4484       0.0001
2039   12.9233      12.9233      13.3666      13.3666      17.6864      17.6865       8.0000       8.0000      30.0000      30.0000       0.4520       0.4520       0.0001
2040   12.9658      12.9658      13.2352      13.2353      17.6978      17.6979       8.0000       8.0000      30.0000      30.0000       0.4557       0.4557       0.0001
2041   12.9980      12.9980      13.1154      13.1155      17.7144      17.7145       8.0000       8.0000      30.0000      30.0000       0.4595       0.4595       0.0001
2042   13.0183      13.0183      13.0042      13.0042      17.7312      17.7313       8.0000       8.0000      30.0000      30.0000       0.4634       0.4634       0.0001
2043   13.0261      13.0261      12.9027      12.9028      17.7503      17.7504       8.0000       8.0000      30.0000      30.0000       0.4673       0.4673       0.0001
2044   13.0327      13.0327      12.8023      12.8023      17.7619      17.7620       8.0000       8.0000      30.0000      30.0000       0.4712       0.4712       0.0001
2045   13.0223      13.0223      12.7107      12.7107      17.7737      17.7738       8.0000       8.0000      30.0000      30.0000       0.4753       0.4753       0.0000
2046   12.9993      12.9993      12.6264      12.6264      17.7919      17.7920       8.0000       8.0000      30.0000      30.0000       0.4794       0.4794       0.0000
2047   12.9746      12.9746      12.5318      12.5319      17.7978      17.7979       8.0000       8.0000      30.0000      30.0000       0.4834       0.4834       0.0000
2048   12.9489      12.9489      12.4459      12.4460      17.8095      17.8095       8.0000       8.0000      30.0000      30.0000       0.4875       0.4875       0.0000
2049   12.9234      12.9234      12.3517      12.3518      17.8069      17.8070       8.0000       8.0000      30.0000      30.0000       0.4916       0.4916       0.0000
2050   12.8939      12.8939      12.2624      12.2624      17.8024      17.8025       8.0000       8.0000      30.0000      30.0000       0.4957       0.4957       0.0000
2051   12.8592      12.8592      12.1749      12.1750      17.7921      17.7922       8.0000       8.0000      30.0000      30.0000       0.4999       0.4999       0.0000
2052   12.8133      12.8133      12.0970      12.0971      17.7830      17.7831       8.0000       8.0000      30.0000      30.0000       0.5042       0.5042       0.0000
2053   12.7637      12.7637      12.0127      12.0128      17.7549      17.7550       8.0000       8.0000      30.0000      30.0000       0.5085       0.5085       0.0000
2054   12.6810      12.6811      11.9494      11.9495      17.7390      17.7391       8.0000       8.0000      30.0000      30.0000       0.5131       0.5131       0.0000
2055   12.5925      12.5925      11.8914      11.8914      17.7190      17.7191       8.0000       8.0000      30.0000      30.0000       0.5175       0.5175       0.0000
2056   12.4990      12.4991      11.8380      11.8381      17.6937      17.6938       8.0000       8.0000      30.0000      30.0000       0.5219       0.5219       0.0000
2057   12.4003      12.4003      11.7905      11.7906      17.6636      17.6637       8.0000       8.0000      30.0000      30.0000       0.5261       0.5261       0.0000
2058   12.2972      12.2972      11.7510      11.7511      17.6307      17.6308       8.0000       8.0000      30.0000      30.0000       0.5303       0.5303       0.0000
2059   12.1960      12.1960      11.7370      11.7370      17.6256      17.6257       8.0000       8.0000      30.0000      30.0000       0.5343       0.5343       0.0000
2060   12.1796      12.1796      11.6795      11.6796      17.5637      17.5638       8.0000       8.0000      30.0000      30.0000       0.5376       0.5376       0.0000
2061   12.1167      12.1168      11.6563      11.6564      17.5365      17.5366       8.0000       8.0000      30.0000      30.0000       0.5412       0.5412       0.0000
2062   12.0644      12.0644      11.6387      11.6388      17.5199      17.5200       8.0000       8.0000      30.0000      30.0000       0.5447       0.5447       0.0000
2063   12.0367      12.0367      11.6199      11.6200      17.5097      17.5098       8.0000       8.0000      30.0000      30.0000       0.5479       0.5479       0.0000
2064   12.0337      12.0338      11.6120      11.6121      17.5279      17.5280       8.0000       8.0000      30.0000      30.0000       0.5509       0.5509       0.0000
2065   12.0507      12.0508      11.5930      11.5931      17.5404      17.5405       8.0000       8.0000      30.0000      30.0000       0.5537       0.5537       0.0000
2066   12.0889      12.0890      11.5727      11.5728      17.5624      17.5625       8.0000       8.0000      30.0000      30.0000       0.5563       0.5563       0.0000
2067   12.1527      12.1527      11.5492      11.5492      17.5900      17.5901       8.0000       8.0000      30.0000      30.0000       0.5588       0.5588       0.0000
2068   12.2317      12.2317      11.5272      11.5272      17.6249      17.6250       8.0000       8.0000      30.0000      30.0000       0.5611       0.5611       0.0000
2069   12.3229      12.3229      11.5112      11.5113      17.6717      17.6718       8.0000       8.0000      30.0000      30.0000       0.5633       0.5633       0.0000
2070   12.4236      12.4236      11.4970      11.4970      17.7214      17.7215       8.0000       8.0000      30.0000      30.0000       0.5655       0.5655       0.0000
2071   12.5328      12.5328      11.4858      11.4859      17.7753      17.7754       8.0000       8.0000      30.0000      30.0000       0.5676       0.5676       0.0000
2072   12.6511      12.6511      11.4780      11.4781      17.8306      17.8306       8.0000       8.0000      30.0000      30.0000       0.5699       0.5699       0.0000
2073   12.7735      12.7736      11.4725      11.4726      17.8875      17.8876       8.0000       8.0000      30.0000      30.0000       0.5722       0.5722       0.0000
2074   12.8986      12.8987      11.4699      11.4699      17.9488      17.9489       8.0000       8.0000      30.0000      30.0000       0.5746       0.5746       0.0000
2075   13.0244      13.0245      11.4661      11.4662      18.0093      18.0094       8.0000       8.0000      30.0000      30.0000       0.5771       0.5771       0.0000
2076   13.1501      13.1501      11.4637      11.4637      18.0726      18.0727       8.0000       8.0000      30.0000      30.0000       0.5798       0.5798       0.0000
2077   13.2811      13.2811      11.4605      11.4605      18.1338      18.1338       8.0000       8.0000      30.0000      30.0000       0.5826       0.5826      -0.0001
2078   13.3994      13.3994      11.4610      11.4611      18.1961      18.1962       8.0000       8.0000      30.0000      30.0000       0.5856       0.5856      -0.0001
2079   13.5048      13.5048      11.4663      11.4664      18.2597      18.2598       8.0000       8.0000      30.0000      30.0000       0.5888       0.5888      -0.0001
2080   13.5981      13.5982      11.4767      11.4768      18.3250      18.3251       8.0000       8.0000      30.0000      30.0000       0.5923       0.5923      -0.0001
2081   13.6804      13.6805      11.4922      11.4922      18.3928      18.3929       8.0000       8.0000      30.0000      30.0000       0.5960       0.5960      -0.0001
2082   13.7547      13.7547      11.5171      11.5171      18.4700      18.4700       8.0000       8.0000      30.0000      30.0000       0.6000       0.6000      -0.0001
2083   13.8272      13.8272      11.5886      11.5887      18.6169      18.6170       8.0000       8.0000      30.0000      30.0000       0.6040       0.6040      -0.0001
2084   13.8893      13.8894      11.7682      11.7682      18.9197      18.9198       8.0000       8.0000      30.0000      30.0000       0.6064       0.6064      -0.0001
2085   13.9794      13.9794      11.7356      11.7357      18.9408      18.9409       8.0000       8.0000      30.0000      30.0000       0.6090       0.6090      -0.0001
2086   14.0568      14.0568      11.7103      11.7104      18.9599      18.9600       8.0000       8.0000      30.0000      30.0000       0.6117       0.6117      -0.0001
2087   14.1226      14.1226      11.6927      11.6927      18.9758      18.9759       8.0000       8.0000      30.0000      30.0000       0.6145       0.6145      -0.0001
2088   14.1735      14.1735      11.6846      11.6847      18.9884      18.9885       8.0000       8.0000      30.0000      30.0000       0.6176       0.6176      -0.0001
2089   14.2134      14.2134      11.6826      11.6827      18.9982      18.9983       8.0000       8.0000      30.0000      30.0000       0.6207       0.6207      -0.0001
2090   14.2426      14.2427      11.6853      11.6854      19.0034      19.0035       8.0000       8.0000      30.0000      30.0000       0.6241       0.6241      -0.0001
2091   14.2620      14.2621      11.6985      11.6985      19.0137      19.0137       8.0000       8.0000      30.0000      30.0000       0.6276       0.6276      -0.0001
2092   14.2748      14.2748      11.7149      11.7149      19.0223      19.0224       8.0000       8.0000      30.0000      30.0000       0.6314       0.6314      -0.0001
2093   14.2763      14.2763      11.7376      11.7377      19.0287      19.0288       8.0000       8.0000      30.0000      30.0000       0.6353       0.6353      -0.0001
2094   14.2660      14.2660      11.7678      11.7678      19.0342      19.0343       8.0000       8.0000      30.0000      30.0000       0.6394       0.6394      -0.0001
2095   14.2449      14.2450      11.8054      11.8055      19.0401      19.0402       8.0000       8.0000      30.0000      30.0000       0.6438       0.6438      -0.0001
2096   14.2140      14.2140      11.8501      11.8502      19.0472      19.0473       8.0000       8.0000      30.0000      30.0000       0.6484       0.6484      -0.0001
2097   14.1750      14.1750      11.9002      11.9003      19.0543      19.0544       8.0000       8.0000      30.0000      30.0000       0.6531       0.6531      -0.0001
2098   14.1276      14.1276      11.9553      11.9553      19.0619      19.0620       8.0000       8.0000      30.0000      30.0000       0.6581       0.6581      -0.0001
2099   14.0730      14.0730      12.0140      12.0141      19.0697      19.0697       8.0000       8.0000      30.0000      30.0000       0.6632       0.6632      -0.0001
2100   14.0118      14.0118      12.0759      12.0759      19.0774      19.0775       8.0000       8.0000      30.0000      30.0000       0.6686       0.6686      -0.0001
2101   13.9444      13.9445      12.1408      12.1408      19.0858      19.0859       8.0000       8.0000      30.0000      30.0000       0.6741       0.6741      -0.0001
2102   13.8727      13.8727      12.2072      12.2072      19.0933      19.0934       8.0000       8.0000      30.0000      30.0000       0.6797       0.6797      -0.0001
2103   13.7965      13.7965      12.2748      12.2749      19.1004      19.1005       8.0000       8.0000      30.0000      30.0000       0.6855       0.6855      -0.0001
2104   13.7170      13.7170      12.3424      12.3424      19.1067      19.1068       8.0000       8.0000      30.0000      30.0000       0.6915       0.6915      -0.0002
2105   13.6352      13.6353      12.4090      12.4091      19.1123      19.1124       8.0000       8.0000      30.0000      30.0000       0.6976       0.6976      -0.0002
2106   13.5533      13.5533      12.4734      12.4734      19.1175      19.1175       8.0000       8.0000      30.0000      30.0000       0.7038       0.7038      -0.0002
2107   13.4729      13.4729      12.5339      12.5340      19.1215      19.1216       8.0000       8.0000      30.0000      30.0000       0.7102       0.7102      -0.0002
2108   13.3942      13.3943      12.5888      12.5888      19.1228      19.1229       8.0000       8.0000      30.0000      30.0000       0.7166       0.7166      -0.0002
