                              Demographics USA
                               =  =  =  =  =  =  =  =  =  =  =  =  =  =  =  =  =  =  =  =  =  =  =  =  =  =  =  =  =  =  =

YEAR          2008      2013      2020      2030      2040      2050      2060      2070      2100

LIFE EXPECTANCY AT BIRTH
MODELL       83.57     82.48     82.27     82.67     83.10     83.52     83.77     83.81     83.81

TOTAL FERTILITY RATE
MODELL        2.06      2.04      2.00      1.95      1.90      1.85      1.78      1.76      1.77

Average Birth Age
MODEL       26.82     26.90     27.03     27.22     27.42     27.63     27.81     27.81     27.81

                Working age and dependency ratios

0-9         13.59     13.61     13.22     12.22     12.17     11.76     11.25     10.95     10.55
10-19        13.74     12.91     12.81     12.75     12.07     12.17     11.79     11.36     10.94
20-29        13.93     13.80     12.91     12.66     12.84     12.33     12.44     12.14     11.58
30-39        12.76     12.84     13.32     12.64     12.65     12.98     12.50     12.68     12.12
40-49        14.68     12.98     11.82     12.70     12.33     12.51     12.84     12.46     12.41
50-59        13.65     14.27     12.87     11.15     12.24     12.05     12.25     12.66     12.67
60-69         9.49     11.05     12.75     12.02     10.69     11.90     11.74     12.02     12.73
70-90         8.17      8.55     10.31     13.86     15.01     14.30     15.20     15.74     16.99
DEP.RAT      28.44     32.44     40.29     46.56     45.77     46.80     48.08     49.83     54.71

POP(MIO)    302.78    319.37    342.21    368.71    388.06    402.61    416.64    427.92    444.21
                                      MIGRATION

YEAR        2000       2010       2020       2030       2040       2050       2060       2070       2100
TDM(TSD) 1000.00    1000.00    1000.00    1000.00    1000.00    1000.00    1000.00    1000.00    1000.00

                              Demographics EUROPA
                               =  =  =  =  =  =  =  =  =  =  =  =  =  =  =  =  =  =  =  =  =  =  =  =  =  =  =  =  =  =  =

YEAR          2008      2013      2020      2030      2040      2050      2060      2070      2100

LIFE EXPECTANCY AT BIRTH
MODELL       83.99     83.02     82.89     83.34     83.82     84.29     84.56     84.60     84.60

TOTAL FERTILITY RATE
MODELL        1.51      1.55      1.60      1.67      1.74      1.82      1.84      1.83      1.79

Average Birth Age
MODEL       29.01     29.19     29.43     29.75     30.04     30.31     30.50     30.50     30.50

                Working age and dependency ratios

0-9         10.26      9.89      9.70      9.55      9.59     10.03     10.48     10.67     10.83
10-19        11.14     10.58     10.07      9.81      9.83     10.00     10.50     10.85     11.01
20-29        12.48     12.13     11.45     10.75     10.67     10.84     11.08     11.50     11.82
30-39        14.07     12.98     12.46     11.70     11.21     11.27     11.50     11.63     12.17
40-49        15.45     15.28     13.39     12.49     11.94     11.58     11.70     11.81     12.27
50-59        13.37     14.19     15.35     13.39     12.72     12.32     12.01     12.00     12.19
60-69        11.29     12.25     13.33     15.25     13.55     13.04     12.70     12.24     11.99
70-90        11.94     12.71     14.24     17.06     20.49     20.92     20.02     19.31     17.73
DEP.RAT      37.98     41.62     47.69     60.63     66.09     66.54     63.46     60.20     55.05

POP(MIO)    504.70    510.35    516.30    519.10    512.74    500.19    485.60    476.92    470.12
                                      MIGRATION

YEAR        2000       2010       2020       2030       2040       2050       2060       2070       2100
TDM(TSD)  747.00     747.00     747.00     747.00     747.00     747.00     747.00     747.00     747.00

                              Demographics JAPAN
                               =  =  =  =  =  =  =  =  =  =  =  =  =  =  =  =  =  =  =  =  =  =  =  =  =  =  =  =  =  =  =

YEAR          2008      2013      2020      2030      2040      2050      2060      2070      2100

LIFE EXPECTANCY AT BIRTH
MODELL       85.39     84.79     84.96     85.73     86.52     87.31     87.78     87.83     87.83

TOTAL FERTILITY RATE
MODELL        1.39      1.42      1.45      1.47      1.47      1.49      1.60      1.74      1.92

Average Birth Age
MODEL       29.35     29.81     29.58     29.26     28.95     28.73     28.74     28.74     28.74

                Working age and dependency ratios

0-9          9.80      9.42      8.61      7.75      7.71      7.34      7.59      8.39     10.12
10-19        10.15      9.67      9.64      8.89      8.16      8.22      8.06      8.44     10.18
20-29        12.60     11.43     10.09     10.06      9.48      8.83      9.18      9.13     10.44
30-39        15.18     13.79     12.16     10.44     10.62     10.13      9.74     10.24     10.55
40-49        13.47     14.68     14.73     12.52     10.96     11.28     11.10     10.79     10.58
50-59        13.27     13.06     13.88     15.15     13.13     11.64     12.35     12.29     11.18
60-69        12.29     12.73     12.92     14.25     15.87     13.93     12.72     13.66     12.42
70-90        13.24     15.22     17.98     20.93     24.07     28.63     29.27     27.06     24.52
DEP.RAT      42.63     48.43     55.45     66.61     82.62     92.38     90.26     87.23     77.17

POP(MIO)    175.24    176.80    176.38    171.59    163.78    154.44    141.33    127.82    105.95
                                      MIGRATION

YEAR        2000       2010       2020       2030       2040       2050       2060       2070       2100
TDM(TSD)   54.00      54.00      54.00      54.00      54.00      54.00      54.00      54.00      54.00

                              Demographics CHINA
                               =  =  =  =  =  =  =  =  =  =  =  =  =  =  =  =  =  =  =  =  =  =  =  =  =  =  =  =  =  =  =

YEAR          2008      2013      2020      2030      2040      2050      2060      2070      2100

LIFE EXPECTANCY AT BIRTH
MODELL       77.38     76.78     77.15     78.02     78.90     79.77     80.20     80.24     80.24

TOTAL FERTILITY RATE
MODELL        1.66      1.68      1.71      1.76      1.80      1.85      1.92      1.91      2.04

Average Birth Age
MODEL       26.03     26.03     26.03     26.03     26.03     26.03     26.03     26.03     26.03

                Working age and dependency ratios

0-9         12.88     12.50     12.40     10.57     10.48     10.76     10.70     11.25     12.34
10-19        15.40     13.43     11.68     12.07     10.61     10.82     11.26     11.22     12.30
20-29        15.58     15.60     13.48     11.27     12.02     10.84     11.21     11.69     12.13
30-39        17.14     14.76     14.71     13.10     11.28     12.38     11.32     11.72     12.06
40-49        15.95     17.27     15.04     14.34     13.16     11.66     12.98     11.89     12.03
50-59        11.99     12.98     15.69     14.66     14.42     13.62     12.23     13.64     12.71
60-69         7.43      9.41     11.50     15.21     14.68     14.92     14.29     12.86     12.81
70-90         3.63      4.05      5.51      8.78     13.35     15.01     16.02     15.74     13.62
DEP.RAT      16.09     19.90     26.26     40.30     49.72     55.68     56.64     52.43     47.99

POP(MIO)   1314.28   1364.48   1425.65   1460.57   1451.20   1401.52   1334.91   1269.03   1157.05
                                      MIGRATION

YEAR        2000       2010       2020       2030       2040       2050       2060       2070       2100
TDM(TSD) -390.00    -390.00    -390.00    -390.00    -390.00    -390.00    -390.00    -390.00    -390.00

                              Demographics INDIA
                               =  =  =  =  =  =  =  =  =  =  =  =  =  =  =  =  =  =  =  =  =  =  =  =  =  =  =  =  =  =  =

YEAR          2008      2013      2020      2030      2040      2050      2060      2070      2100

LIFE EXPECTANCY AT BIRTH
MODELL       75.69     73.94     73.17     72.76     72.61     72.74     72.62     72.63     74.74

TOTAL FERTILITY RATE
MODELL        2.80      2.56      2.32      1.97      1.85      1.85      1.96      2.08      2.15

Average Birth Age
MODEL       26.68     26.64     26.86     27.17     27.39     27.52     27.58     27.58     27.58

                Working age and dependency ratios

0-9         22.27     20.43     17.83     15.06     13.25     12.06     11.74     11.88     12.80
10-19        19.03     18.34     17.64     15.31     13.52     12.36     11.61     11.51     12.40
20-29        17.07     16.51     15.65     15.50     13.97     12.74     11.99     11.47     12.10
30-39        14.33     14.84     14.85     14.31     14.62     13.50     12.61     12.10     12.06
40-49        11.30     11.86     12.86     13.61     13.52     14.15     13.40     12.75     12.05
50-59         8.45      9.27     10.15     11.79     12.86     13.09     14.05     13.55     12.30
60-69         5.30      6.19      7.70      9.23     11.09     12.45     13.00     14.21     13.01
70-90         2.26      2.56      3.33      5.21      7.17      9.64     11.60     12.53     13.28
DEP.RAT      12.50     14.32     17.72     22.96     29.59     36.99     42.49     48.11     48.09

POP(MIO)   1170.67   1256.03   1364.68   1487.80   1573.45   1623.87   1634.87   1615.46   1499.02
                                      MIGRATION

YEAR        2000       2010       2020       2030       2040       2050       2060       2070       2100
TDM(TSD) -280.00    -280.00    -280.00    -280.00    -280.00    -280.00    -280.00    -280.00    -280.00

                              Demographics RUSSIA
                               =  =  =  =  =  =  =  =  =  =  =  =  =  =  =  =  =  =  =  =  =  =  =  =  =  =  =  =  =  =  =

YEAR          2008      2013      2020      2030      2040      2050      2060      2070      2100

LIFE EXPECTANCY AT BIRTH
MODELL       91.00     77.94     74.30     73.34     73.83     73.91     73.92     73.93     76.14

TOTAL FERTILITY RATE
MODELL        1.45      1.51      1.58      1.63      1.64      1.64      1.64      1.57      1.82

Average Birth Age
MODEL       29.35     29.81     29.58     29.26     28.95     28.73     28.74     28.74     28.74

                Working age and dependency ratios

0-9         10.82     11.71     11.07      8.66      9.33      9.50      9.01      9.63     10.69
10-19        10.07      9.26     10.48     10.84      8.70      9.75     10.38      9.77     10.79
20-29        17.12     14.18      9.49     10.93     11.42      9.50     11.04     11.65     11.36
30-39        14.95     16.93     16.97     10.35     11.85     12.60     11.00     12.60     12.19
40-49        13.99     13.98     16.01     17.84     11.05     12.84     14.13     12.31     12.80
50-59        15.10     15.81     13.94     16.71     18.60     11.85     14.23     15.50     14.68
60-69         8.20     12.48     15.65     14.29     17.13     19.40     12.89     15.32     14.97
70-90         9.75      5.65      6.39     10.39     11.92     14.56     17.32     13.22     12.51
DEP.RAT      26.92     27.75     35.98     40.12     50.62     65.92     54.10     50.06     48.69

POP(MIO)    141.78    140.71    141.43    137.61    133.86    127.80    117.82    109.72     98.82
                                      MIGRATION

YEAR        2000       2010       2020       2030       2040       2050       2060       2070       2100
TDM(TSD)  290.86     290.86     290.86     290.86     290.86     290.86     290.86     290.86     290.86

