YEAR   Pens-Base    Pens-Refm    Cons-Base    Cons-Refm    Wage-Base    Wage-Refm    Cap--Base    Cap--Refm    Corp-Base    Corp-Refm    GDP--Base    GDP--Refm    GDP--Diff
2013   14.0912      14.0914      94.1669      94.1675       9.4940       9.4945       1.8000       1.8000      30.0000      30.0000       0.7212       0.7212      -0.0011
2014   14.5842      14.5844      92.4677      92.4684       9.6227       9.6232       1.8000       1.8000      30.0000      30.0000       0.7236       0.7236      -0.0009
2015   15.1526      15.1528      90.5484      90.5492       9.7528       9.7533       1.8000       1.8000      30.0000      30.0000       0.7241       0.7241      -0.0007
2016   15.8455      15.8457      88.3462      88.3471       9.8778       9.8783       1.8000       1.8000      30.0000      30.0000       0.7222       0.7222      -0.0005
2017   16.4651      16.4652      86.2798      86.2807      10.0030      10.0034       1.8000       1.8000      30.0000      30.0000       0.7205       0.7205      -0.0003
2018   17.0824      17.0825      84.1664      84.1674      10.1257      10.1261       1.8000       1.8000      30.0000      30.0000       0.7178       0.7178      -0.0002
2019   17.6198      17.6198      82.0866      82.0876      10.2388      10.2393       1.8000       1.8000      30.0000      30.0000       0.7152       0.7152       0.0000
2020   18.0968      18.0968      79.9672      79.9682      10.3399      10.3404       1.8000       1.8000      30.0000      30.0000       0.7127       0.7127       0.0001
2021   18.5002      18.5002      77.8306      77.8316      10.4213      10.4218       1.8000       1.8000      30.0000      30.0000       0.7103       0.7103       0.0002
2022   18.8644      18.8643      75.7110      75.7120      10.4886      10.4890       1.8000       1.8000      30.0000      30.0000       0.7079       0.7079       0.0003
2023   19.1855      19.1853      73.6117      73.6127      10.5484      10.5489       1.8000       1.8000      30.0000      30.0000       0.7050       0.7050       0.0004
2024   19.5232      19.5231      71.4591      71.4602      10.6048      10.6053       1.8000       1.8000      30.0000      30.0000       0.7007       0.7007       0.0005
2025   20.0006      20.0003      69.0790      69.0800      10.6504      10.6508       1.8000       1.8000      30.0000      30.0000       0.6951       0.6951       0.0006
2026   20.5684      20.5681      66.5427      66.5437      10.6674      10.6679       1.8000       1.8000      30.0000      30.0000       0.6884       0.6884       0.0006
2027   21.1007      21.1004      64.0854      64.0864      10.6716      10.6721       1.8000       1.8000      30.0000      30.0000       0.6818       0.6818       0.0007
2028   21.7223      21.7220      61.5579      61.5589      10.6604      10.6609       1.8000       1.8000      30.0000      30.0000       0.6738       0.6738       0.0007
2029   22.2715      22.2710      59.2113      59.2123      10.6546      10.6550       1.8000       1.8000      30.0000      30.0000       0.6659       0.6659       0.0008
2030   23.0758      23.0753      56.6985      56.6995      10.6529      10.6534       1.8000       1.8000      30.0000      30.0000       0.6561       0.6561       0.0008
2031   23.9533      23.9527      54.2125      54.2135      10.6494      10.6499       1.8000       1.8000      30.0000      30.0000       0.6452       0.6452       0.0008
2032   24.8926      24.8919      51.7787      51.7797      10.6431      10.6436       1.8000       1.8000      30.0000      30.0000       0.6335       0.6336       0.0009
2033   25.8768      25.8760      49.4014      49.4024      10.6355      10.6360       1.8000       1.8000      30.0000      30.0000       0.6213       0.6213       0.0009
2034   26.9334      26.9325      47.1359      47.1369      10.6356      10.6361       1.8000       1.8000      30.0000      30.0000       0.6084       0.6084       0.0009
2035   28.2077      28.2067      44.8621      44.8631      10.6480      10.6485       1.8000       1.8000      30.0000      30.0000       0.5945       0.5945       0.0010
2036   29.6526      29.6514      42.5655      42.5665      10.6450      10.6455       1.8000       1.8000      30.0000      30.0000       0.5796       0.5796       0.0010
2037   31.1173      31.1160      40.4763      40.4773      10.6608      10.6612       1.8000       1.8000      30.0000      30.0000       0.5647       0.5647       0.0010
2038   32.8239      32.8224      38.4622      38.4631      10.6905      10.6909       1.8000       1.8000      30.0000      30.0000       0.5487       0.5487       0.0011
2039   34.7381      34.7364      36.5323      36.5333      10.7288      10.7293       1.8000       1.8000      30.0000      30.0000       0.5321       0.5321       0.0012
2040   36.7240      36.7220      34.7135      34.7145      10.7737      10.7741       1.8000       1.8000      30.0000      30.0000       0.5159       0.5159       0.0013
2041   38.6229      38.6207      33.1162      33.1172      10.8309      10.8313       1.8000       1.8000      30.0000      30.0000       0.5011       0.5011       0.0014
2042   40.6079      40.6055      31.6328      31.6339      10.8896      10.8901       1.8000       1.8000      30.0000      30.0000       0.4867       0.4867       0.0014
2043   42.4494      42.4468      30.3100      30.3111      10.9337      10.9341       1.8000       1.8000      30.0000      30.0000       0.4743       0.4743       0.0014
2044   43.8055      43.8027      29.2881      29.2892      10.9695      10.9700       1.8000       1.8000      30.0000      30.0000       0.4657       0.4657       0.0013
2045   44.6399      44.6372      28.5675      28.5684      11.0057      11.0062       1.8000       1.8000      30.0000      30.0000       0.4610       0.4610       0.0010
2046   44.9889      44.9863      28.0613      28.0620      11.0267      11.0272       1.8000       1.8000      30.0000      30.0000       0.4594       0.4594       0.0009
2047   44.7446      44.7422      27.8018      27.8023      11.0403      11.0408       1.8000       1.8000      30.0000      30.0000       0.4612       0.4612       0.0008
2048   44.0492      44.0470      27.7354      27.7359      11.0472      11.0477       1.8000       1.8000      30.0000      30.0000       0.4658       0.4658       0.0007
2049   42.8900      42.8882      27.8816      27.8820      11.0618      11.0623       1.8000       1.8000      30.0000      30.0000       0.4728       0.4728       0.0007
2050   41.8032      41.8018      27.9943      27.9947      11.0643      11.0648       1.8000       1.8000      30.0000      30.0000       0.4799       0.4799       0.0006
2051   40.5416      40.5405      28.1999      28.2002      11.0586      11.0591       1.8000       1.8000      30.0000      30.0000       0.4882       0.4882       0.0005
2052   39.1496      39.1489      28.4735      28.4739      11.0430      11.0435       1.8000       1.8000      30.0000      30.0000       0.4975       0.4975       0.0004
2053   37.6867      37.6862      28.8036      28.8040      11.0213      11.0219       1.8000       1.8000      30.0000      30.0000       0.5075       0.5075       0.0003
2054   36.2658      36.2656      29.1532      29.1536      10.9916      10.9922       1.8000       1.8000      30.0000      30.0000       0.5175       0.5175       0.0002
2055   34.8095      34.8095      29.5575      29.5579      10.9569      10.9575       1.8000       1.8000      30.0000      30.0000       0.5280       0.5280       0.0001
2056   33.4153      33.4155      29.9862      29.9865      10.9181      10.9186       1.8000       1.8000      30.0000      30.0000       0.5386       0.5386       0.0000
2057   32.0812      32.0816      30.4474      30.4478      10.8784      10.8790       1.8000       1.8000      30.0000      30.0000       0.5492       0.5492      -0.0002
2058   30.8969      30.8974      30.9058      30.9062      10.8371      10.8376       1.8000       1.8000      30.0000      30.0000       0.5593       0.5593      -0.0003
2059   29.8447      29.8453      31.3643      31.3648      10.7922      10.7927       1.8000       1.8000      30.0000      30.0000       0.5689       0.5689      -0.0004
2060   28.8662      28.8669      31.8462      31.8467      10.7445      10.7451       1.8000       1.8000      30.0000      30.0000       0.5785       0.5784      -0.0004
2061   27.9005      27.9013      32.3853      32.3858      10.6977      10.6982       1.8000       1.8000      30.0000      30.0000       0.5883       0.5883      -0.0005
2062   27.0231      27.0239      32.9665      32.9670      10.6588      10.6594       1.8000       1.8000      30.0000      30.0000       0.5979       0.5979      -0.0006
2063   26.3218      26.3226      33.5434      33.5439      10.6249      10.6255       1.8000       1.8000      30.0000      30.0000       0.6064       0.6064      -0.0007
2064   25.7681      25.7690      34.1250      34.1255      10.5966      10.5972       1.8000       1.8000      30.0000      30.0000       0.6141       0.6141      -0.0008
2065   25.3079      25.3089      34.7294      34.7300      10.5732      10.5738       1.8000       1.8000      30.0000      30.0000       0.6213       0.6213      -0.0008
2066   24.9132      24.9142      35.3660      35.3666      10.5551      10.5557       1.8000       1.8000      30.0000      30.0000       0.6283       0.6283      -0.0009
2067   24.5631      24.5642      36.0447      36.0453      10.5437      10.5443       1.8000       1.8000      30.0000      30.0000       0.6350       0.6350      -0.0010
2068   24.2705      24.2716      36.7614      36.7621      10.5416      10.5422       1.8000       1.8000      30.0000      30.0000       0.6414       0.6414      -0.0010
2069   24.0620      24.0631      37.5073      37.5080      10.5507      10.5513       1.8000       1.8000      30.0000      30.0000       0.6471       0.6471      -0.0011
2070   23.9392      23.9403      38.2127      38.2134      10.5608      10.5614       1.8000       1.8000      30.0000      30.0000       0.6520       0.6520      -0.0011
2071   23.8409      23.8421      38.9623      38.9630      10.5756      10.5762       1.8000       1.8000      30.0000      30.0000       0.6569       0.6569      -0.0012
2072   23.7525      23.7537      39.7619      39.7626      10.5963      10.5969       1.8000       1.8000      30.0000      30.0000       0.6620       0.6620      -0.0013
2073   23.6867      23.6880      40.5746      40.5754      10.6195      10.6201       1.8000       1.8000      30.0000      30.0000       0.6672       0.6672      -0.0013
2074   23.6142      23.6156      41.4120      41.4129      10.6447      10.6453       1.8000       1.8000      30.0000      30.0000       0.6726       0.6726      -0.0014
2075   23.5209      23.5222      42.2858      42.2866      10.6712      10.6718       1.8000       1.8000      30.0000      30.0000       0.6785       0.6785      -0.0014
2076   23.4016      23.4030      43.1785      43.1794      10.6963      10.6969       1.8000       1.8000      30.0000      30.0000       0.6849       0.6849      -0.0015
2077   23.2600      23.2615      44.0884      44.0893      10.7230      10.7237       1.8000       1.8000      30.0000      30.0000       0.6917       0.6917      -0.0015
2078   23.1042      23.1057      44.9891      44.9900      10.7478      10.7485       1.8000       1.8000      30.0000      30.0000       0.6990       0.6989      -0.0016
2079   22.9220      22.9235      45.8832      45.8842      10.7718      10.7724       1.8000       1.8000      30.0000      30.0000       0.7066       0.7066      -0.0016
2080   22.7178      22.7193      46.7638      46.7648      10.7951      10.7957       1.8000       1.8000      30.0000      30.0000       0.7147       0.7147      -0.0017
2081   22.4979      22.4994      47.6371      47.6381      10.8180      10.8186       1.8000       1.8000      30.0000      30.0000       0.7230       0.7230      -0.0018
2082   22.2737      22.2752      48.5252      48.5262      10.8469      10.8475       1.8000       1.8000      30.0000      30.0000       0.7315       0.7314      -0.0018
2083   22.0886      22.0900      50.3687      50.3697      11.0805      11.0811       1.8000       1.8000      30.0000      30.0000       0.7388       0.7388      -0.0018
2084   21.9916      21.9930      54.7222      54.7233      11.8360      11.8367       1.8000       1.8000      30.0000      30.0000       0.7102       0.7102      -0.0019
2085   21.7893      21.7906      55.5327      55.5338      11.8452      11.8459       1.8000       1.8000      30.0000      30.0000       0.7182       0.7182      -0.0020
2086   21.6053      21.6066      56.3208      56.3218      11.8550      11.8556       1.8000       1.8000      30.0000      30.0000       0.7261       0.7261      -0.0020
2087   21.4480      21.4493      57.0856      57.0867      11.8659      11.8665       1.8000       1.8000      30.0000      30.0000       0.7338       0.7338      -0.0021
2088   21.3297      21.3309      57.8082      57.8093      11.8774      11.8780       1.8000       1.8000      30.0000      30.0000       0.7411       0.7411      -0.0021
2089   21.2453      21.2465      58.4975      58.4985      11.8897      11.8904       1.8000       1.8000      30.0000      30.0000       0.7481       0.7481      -0.0021
2090   21.1946      21.1957      59.1488      59.1499      11.9025      11.9031       1.8000       1.8000      30.0000      30.0000       0.7548       0.7548      -0.0022
2091   21.1758      21.1769      59.7676      59.7687      11.9157      11.9163       1.8000       1.8000      30.0000      30.0000       0.7613       0.7613      -0.0022
2092   21.1905      21.1915      60.3556      60.3566      11.9302      11.9308       1.8000       1.8000      30.0000      30.0000       0.7676       0.7676      -0.0022
2093   21.2456      21.2466      60.8952      60.8963      11.9454      11.9461       1.8000       1.8000      30.0000      30.0000       0.7736       0.7736      -0.0023
2094   21.3336      21.3346      61.3907      61.3917      11.9613      11.9619       1.8000       1.8000      30.0000      30.0000       0.7794       0.7793      -0.0023
2095   21.4487      21.4497      61.8493      61.8503      11.9773      11.9779       1.8000       1.8000      30.0000      30.0000       0.7850       0.7850      -0.0023
2096   21.5860      21.5869      62.2784      62.2794      11.9935      11.9941       1.8000       1.8000      30.0000      30.0000       0.7906       0.7906      -0.0024
2097   21.7417      21.7426      62.6792      62.6802      12.0100      12.0106       1.8000       1.8000      30.0000      30.0000       0.7962       0.7961      -0.0024
2098   21.9143      21.9152      63.0477      63.0487      12.0263      12.0269       1.8000       1.8000      30.0000      30.0000       0.8017       0.8017      -0.0024
2099   22.0933      22.0942      63.3923      63.3933      12.0423      12.0429       1.8000       1.8000      30.0000      30.0000       0.8074       0.8073      -0.0024
2100   22.2715      22.2724      63.7172      63.7182      12.0575      12.0582       1.8000       1.8000      30.0000      30.0000       0.8132       0.8132      -0.0025
2101   22.4424      22.4433      64.0297      64.0307      12.0718      12.0725       1.8000       1.8000      30.0000      30.0000       0.8193       0.8192      -0.0025
2102   22.5997      22.6005      64.3382      64.3392      12.0853      12.0859       1.8000       1.8000      30.0000      30.0000       0.8256       0.8256      -0.0025
2103   22.7414      22.7423      64.6402      64.6412      12.0976      12.0982       1.8000       1.8000      30.0000      30.0000       0.8323       0.8323      -0.0025
2104   22.8603      22.8612      64.9505      64.9515      12.1087      12.1093       1.8000       1.8000      30.0000      30.0000       0.8393       0.8393      -0.0025
2105   22.9532      22.9541      65.2706      65.2716      12.1184      12.1190       1.8000       1.8000      30.0000      30.0000       0.8468       0.8467      -0.0025
2106   23.0189      23.0197      65.6030      65.6040      12.1268      12.1274       1.8000       1.8000      30.0000      30.0000       0.8546       0.8546      -0.0026
2107   23.0575      23.0584      65.9484      65.9494      12.1342      12.1348       1.8000       1.8000      30.0000      30.0000       0.8628       0.8628      -0.0026
2108   23.0723      23.0732      66.3010      66.3020      12.1401      12.1407       1.8000       1.8000      30.0000      30.0000       0.8714       0.8714      -0.0026
