
USA
---------------------------------------------------------------------------------------------------------------------------------------------------------------------------------------------------------------------------------------------------------------------------------------------------

WELFARE EFFECTS - POLICY REFORM
BIRTH YEAR      1       2
1920        0.000   0.000
1925        0.000   0.000
1930        0.000   0.000
1935        0.000   0.000
1940        0.000   0.000
1945        0.000   0.000
1950        0.000   0.000
1955        0.000   0.000
1960        0.000   0.000
1965        0.000   0.000
1970        0.000   0.000
1975        0.000   0.000
1980        0.000   0.000
1990        0.000   0.000
1995        0.000   0.000
2000        0.000   0.000
2005        0.000   0.000
2010        0.000   0.000
2015        0.000   0.000
2020        0.000   0.000
2025        0.000   0.000
2030        0.000   0.000
2035        0.000   0.000
2040        0.000   0.000
2045        0.000   0.000
2050        0.000   0.000
2055        0.000   0.000
2060        0.000   0.000
2065        0.000   0.000
2070        0.000   0.000
2075        0.000   0.000
2080        0.000   0.000
2085        0.000   0.000
2090        0.000   0.000
2095        0.000   0.000
2100        0.000   0.000

EUROPE
---------------------------------------------------------------------------------------------------------------------------------------------------------------------------------------------------------------------------------------------------------------------------------------------------

WELFARE EFFECTS - POLICY REFORM
BIRTH YEAR      1       2
1920        0.000   0.000
1925        0.000   0.000
1930        0.000   0.000
1935        0.000   0.000
1940        0.000   0.000
1945        0.000   0.000
1950        0.000   0.000
1955        0.000   0.000
1960        0.000   0.000
1965        0.000   0.000
1970        0.000   0.000
1975        0.000   0.000
1980        0.000   0.000
1990        0.000   0.000
1995        0.000   0.000
2000        0.000   0.000
2005        0.000   0.000
2010        0.000   0.000
2015        0.000   0.000
2020        0.000   0.000
2025        0.000   0.000
2030        0.000   0.000
2035        0.000   0.000
2040        0.000   0.000
2045        0.000   0.000
2050        0.000   0.000
2055        0.000   0.000
2060        0.000   0.000
2065        0.000   0.000
2070        0.000   0.000
2075        0.000   0.000
2080        0.000   0.000
2085        0.000   0.000
2090        0.000   0.000
2095        0.000   0.000
2100        0.000   0.000

JAPAN
---------------------------------------------------------------------------------------------------------------------------------------------------------------------------------------------------------------------------------------------------------------------------------------------------

WELFARE EFFECTS - POLICY REFORM
BIRTH YEAR      1       2
1920        0.000   0.000
1925        0.000   0.000
1930        0.000   0.000
1935        0.000   0.000
1940        0.000   0.000
1945        0.000   0.000
1950        0.000   0.000
1955        0.000   0.000
1960        0.000   0.000
1965        0.000   0.000
1970        0.000   0.000
1975        0.000   0.000
1980        0.000   0.000
1990        0.000   0.000
1995        0.000   0.000
2000        0.000   0.000
2005        0.000   0.000
2010        0.000   0.000
2015        0.000   0.000
2020        0.000   0.000
2025        0.000   0.000
2030        0.000   0.000
2035        0.000   0.000
2040        0.000   0.000
2045        0.000   0.000
2050        0.000   0.000
2055        0.000   0.000
2060        0.000   0.000
2065        0.000   0.000
2070        0.000   0.000
2075        0.000   0.000
2080        0.000   0.000
2085        0.000   0.000
2090        0.000   0.000
2095        0.000   0.000
2100        0.000   0.000

CHINA
---------------------------------------------------------------------------------------------------------------------------------------------------------------------------------------------------------------------------------------------------------------------------------------------------

WELFARE EFFECTS - POLICY REFORM
BIRTH YEAR      1       2
1920        0.000   0.000
1925        0.000   0.000
1930        0.000   0.000
1935        0.000   0.000
1940        0.000   0.000
1945        0.000   0.000
1950        0.000   0.000
1955        0.000   0.000
1960        0.000   0.000
1965        0.000   0.000
1970        0.000   0.000
1975        0.000   0.000
1980        0.000   0.000
1990        0.000   0.000
1995        0.000   0.000
2000        0.000   0.000
2005        0.000   0.000
2010        0.000   0.000
2015        0.000   0.000
2020        0.000   0.000
2025        0.000   0.000
2030        0.000   0.000
2035        0.000   0.000
2040        0.000   0.000
2045        0.000   0.000
2050        0.000   0.000
2055        0.000   0.000
2060        0.000   0.000
2065        0.000   0.000
2070        0.000   0.000
2075        0.000   0.000
2080        0.000   0.000
2085        0.000   0.000
2090        0.000   0.000
2095        0.000   0.000
2100        0.000   0.000

INDIA
---------------------------------------------------------------------------------------------------------------------------------------------------------------------------------------------------------------------------------------------------------------------------------------------------

WELFARE EFFECTS - POLICY REFORM
BIRTH YEAR      1       2
1920        0.000   0.000
1925        0.000   0.000
1930        0.000   0.000
1935        0.000   0.000
1940        0.000   0.000
1945        0.000   0.000
1950        0.000   0.000
1955        0.000   0.000
1960        0.000   0.000
1965        0.000   0.000
1970        0.000   0.000
1975        0.000   0.000
1980        0.000   0.000
1990        0.000   0.000
1995        0.000   0.000
2000        0.000   0.000
2005        0.000   0.000
2010        0.000   0.000
2015        0.000   0.000
2020        0.000   0.000
2025        0.000   0.000
2030        0.000   0.000
2035        0.000   0.000
2040        0.000   0.000
2045        0.000   0.000
2050        0.000   0.000
2055        0.000   0.000
2060        0.000   0.000
2065        0.000   0.000
2070        0.000   0.000
2075        0.000   0.000
2080        0.000   0.000
2085        0.000   0.000
2090        0.000   0.000
2095        0.000   0.000
2100        0.000   0.000

RUSSIA
---------------------------------------------------------------------------------------------------------------------------------------------------------------------------------------------------------------------------------------------------------------------------------------------------

WELFARE EFFECTS - POLICY REFORM
BIRTH YEAR      1       2
1920        0.000   0.000
1925        0.000   0.000
1930        0.000   0.000
1935        0.000   0.000
1940        0.000   0.000
1945        0.000   0.000
1950        0.000   0.000
1955        0.000   0.000
1960        0.000   0.000
1965        0.000   0.000
1970        0.000   0.000
1975        0.000   0.000
1980        0.000   0.000
1990        0.000   0.000
1995        0.000   0.000
2000        0.000   0.000
2005        0.000   0.000
2010        0.000   0.000
2015        0.000   0.000
2020        0.000   0.000
2025        0.000   0.000
2030        0.000   0.000
2035        0.000   0.000
2040        0.000   0.000
2045        0.000   0.000
2050        0.000   0.000
2055        0.000   0.000
2060        0.000   0.000
2065        0.000   0.000
2070        0.000   0.000
2075        0.000   0.000
2080        0.000  -0.001
2085        0.000  -0.001
2090        0.000  -0.001
2095        0.000  -0.001
2100       -0.001  -0.001
